2024-04-23 22:09:23 [STARTED] Task without title.
2024-04-23 22:09:25 [SUCCESS] Task without title.
2024-04-23 22:09:26 
2024-04-23 22:09:26 DevTools listening on ws://127.0.0.1:32935/devtools/browser/4b1189ae-1859-428d-86c9-4a5301e40efe
2024-04-23 22:09:28 
2024-04-23 22:09:28 ====================================================================================================
2024-04-23 22:09:28 
2024-04-23 22:09:28   (Run Starting)
2024-04-23 22:09:28 
2024-04-23 22:09:28   ┌────────────────────────────────────────────────────────────────────────────────────────────────┐
2024-04-23 22:09:28   │ Cypress:        13.8.1                                                                         │
2024-04-23 22:09:28   │ Browser:        Chrome 124 (headless)                                                          │
2024-04-23 22:09:28   │ Node Version:   v20.12.2 (/usr/local/bin/node)                                                 │
2024-04-23 22:09:28   │ Specs:          22 found (0-uniandes-example/registration.cy.js, 2-advanced-examples/actions.c │
2024-04-23 22:09:28   │                 y.js, 2-advanced-examples/aliasing.cy.js, 2-advanced-examples/assertions.cy.js │
2024-04-23 22:09:28   │                 , 2-advanced-examples/connectors.cy.js, 2-advanced-examples/cookies.cy.js, 2-a │
2024-04-23 22:09:28   │                 dvanced-examples/cypres...)                                                    │
2024-04-23 22:09:28   │ Searched:       cypress/e2e/**                                                                 │
2024-04-23 22:09:28   └────────────────────────────────────────────────────────────────────────────────────────────────┘
2024-04-23 22:09:28 
2024-04-23 22:09:28 
2024-04-23 22:09:28 ────────────────────────────────────────────────────────────────────────────────────────────────────
2024-04-23 22:09:28                                                                                                     
2024-04-23 22:09:28   Running:  0-uniandes-example/registration.cy.js                                          (1 of 22)
2024-04-23 22:09:34 
2024-04-23 22:09:34 
2024-04-23 22:09:34   Testing basic Angular registration
2024-04-23 22:09:56     ✓ Test links between registration and login page (19451ms)
2024-04-23 22:10:07     ✓ Test form feedback (10561ms)
2024-04-23 22:10:20     ✓ Create an user and login (13262ms)
2024-04-23 22:10:20 
2024-04-23 22:10:20 
2024-04-23 22:10:20   3 passing (46s)
2024-04-23 22:10:20 
2024-04-23 22:10:20 [mochawesome] Report JSON saved to /tests/cypress/reports/mochawesome_073.json
2024-04-23 22:10:20 
2024-04-23 22:10:20 [mochawesome] Report HTML saved to /tests/cypress/reports/mochawesome_073.html
2024-04-23 22:10:20 
2024-04-23 22:10:21 
2024-04-23 22:10:21   (Results)
2024-04-23 22:10:21 
2024-04-23 22:10:21   ┌────────────────────────────────────────────────────────────────────────────────────────────────┐
2024-04-23 22:10:21   │ Tests:        3                                                                                │
2024-04-23 22:10:21   │ Passing:      3                                                                                │
2024-04-23 22:10:21   │ Failing:      0                                                                                │
2024-04-23 22:10:21   │ Pending:      0                                                                                │
2024-04-23 22:10:21   │ Skipped:      0                                                                                │
2024-04-23 22:10:21   │ Screenshots:  5                                                                                │
2024-04-23 22:10:21   │ Video:        true                                                                             │
2024-04-23 22:10:21   │ Duration:     46 seconds                                                                       │
2024-04-23 22:10:21   │ Spec Ran:     0-uniandes-example/registration.cy.js                                            │
2024-04-23 22:10:21   └────────────────────────────────────────────────────────────────────────────────────────────────┘
2024-04-23 22:10:21 
2024-04-23 22:10:21 
2024-04-23 22:10:21   (Screenshots)
2024-04-23 22:10:21 
2024-04-23 22:10:21   -  /tests/cypress/screenshots/0-uniandes-example/registration.cy.js/pagina1.png         (1000x633)
2024-04-23 22:10:21   -  /tests/cypress/screenshots/0-uniandes-example/registration.cy.js/pagina2.png         (1000x633)
2024-04-23 22:10:21   -  /tests/cypress/screenshots/0-uniandes-example/registration.cy.js/form-feedback.p     (1000x777)
2024-04-23 22:10:21      ng                                                                                             
2024-04-23 22:10:21   -  /tests/cypress/screenshots/0-uniandes-example/registration.cy.js/success-feedbac     (1000x633)
2024-04-23 22:10:21      k.png                                                                                          
2024-04-23 22:10:21   -  /tests/cypress/screenshots/0-uniandes-example/registration.cy.js/after-login.png     (1000x633)
2024-04-23 22:10:21 
2024-04-23 22:10:21 
2024-04-23 22:10:21   (Video)
2024-04-23 22:10:21 
2024-04-23 22:10:21   -  Video output: /tests/cypress/videos/0-uniandes-example/registration.cy.js.mp4
2024-04-23 22:10:21 
2024-04-23 22:10:21 
2024-04-23 22:10:21 ────────────────────────────────────────────────────────────────────────────────────────────────────
2024-04-23 22:10:21                                                                                                     
2024-04-23 22:10:21   Running:  2-advanced-examples/actions.cy.js                                              (2 of 22)
2024-04-23 22:10:26 
2024-04-23 22:10:26 
2024-04-23 22:10:26   Actions
2024-04-23 22:10:32     ✓ .type() - type into a DOM element
2024-04-23 22:10:33     ✓ .focus() - focus on a DOM element
2024-04-23 22:10:33     ✓ .blur() - blur off a DOM element
2024-04-23 22:10:36     ✓ .clear() - clears an input or textarea element
2024-04-23 22:10:38     ✓ .submit() - submit a form
2024-04-23 22:10:47     ✓ .click() - click on a DOM element (7883ms)
2024-04-23 22:10:48     ✓ .dblclick() - double click on a DOM element
2024-04-23 22:10:50     ✓ .rightclick() - right click on a DOM element
2024-04-23 22:10:55     ✓ .check() - check a checkbox or radio element (5272ms)
2024-04-23 22:11:01     ✓ .uncheck() - uncheck a checkbox element (5499ms)
2024-04-23 22:11:07     ✓ .select() - select an option in a <select> element (5281ms)
2024-04-23 22:11:10     ✓ .scrollIntoView() - scroll an element into view
2024-04-23 22:11:12     ✓ .trigger() - trigger an event on a DOM element
2024-04-23 22:11:15     ✓ cy.scrollTo() - scroll the window or element to a position
2024-04-23 22:11:15 
2024-04-23 22:11:15 
2024-04-23 22:11:15   14 passing (49s)
2024-04-23 22:11:15 
2024-04-23 22:11:15 [mochawesome] Report JSON saved to /tests/cypress/reports/mochawesome_074.json
2024-04-23 22:11:15 
2024-04-23 22:11:15 [mochawesome] Report HTML saved to /tests/cypress/reports/mochawesome_074.html
2024-04-23 22:11:15 
2024-04-23 22:11:16 
2024-04-23 22:11:16   (Results)
2024-04-23 22:11:16 
2024-04-23 22:11:16   ┌────────────────────────────────────────────────────────────────────────────────────────────────┐
2024-04-23 22:11:16   │ Tests:        14                                                                               │
2024-04-23 22:11:16   │ Passing:      14                                                                               │
2024-04-23 22:11:16   │ Failing:      0                                                                                │
2024-04-23 22:11:16   │ Pending:      0                                                                                │
2024-04-23 22:11:16   │ Skipped:      0                                                                                │
2024-04-23 22:11:16   │ Screenshots:  0                                                                                │
2024-04-23 22:11:16   │ Video:        true                                                                             │
2024-04-23 22:11:16   │ Duration:     48 seconds                                                                       │
2024-04-23 22:11:16   │ Spec Ran:     2-advanced-examples/actions.cy.js                                                │
2024-04-23 22:11:16   └────────────────────────────────────────────────────────────────────────────────────────────────┘
2024-04-23 22:11:16 
2024-04-23 22:11:16 
2024-04-23 22:11:16   (Video)
2024-04-23 22:11:16 
2024-04-23 22:11:16   -  Video output: /tests/cypress/videos/2-advanced-examples/actions.cy.js.mp4
2024-04-23 22:11:16 
2024-04-23 22:11:16 
2024-04-23 22:11:16 ────────────────────────────────────────────────────────────────────────────────────────────────────
2024-04-23 22:11:16                                                                                                     
2024-04-23 22:11:16   Running:  2-advanced-examples/aliasing.cy.js                                             (3 of 22)
2024-04-23 22:11:18 
2024-04-23 22:11:18 
2024-04-23 22:11:18   Aliasing
2024-04-23 22:11:23     ✓ .as() - alias a DOM element for later use
2024-04-23 22:11:24     ✓ .as() - alias a route for later use
2024-04-23 22:11:24 
2024-04-23 22:11:24 
2024-04-23 22:11:24   2 passing (5s)
2024-04-23 22:11:24 
2024-04-23 22:11:24 [mochawesome] Report JSON saved to /tests/cypress/reports/mochawesome_075.json
2024-04-23 22:11:24 
2024-04-23 22:11:24 [mochawesome] Report HTML saved to /tests/cypress/reports/mochawesome_075.html
2024-04-23 22:11:24 
2024-04-23 22:11:25 
2024-04-23 22:11:25   (Results)
2024-04-23 22:11:25 
2024-04-23 22:11:25   ┌────────────────────────────────────────────────────────────────────────────────────────────────┐
2024-04-23 22:11:25   │ Tests:        2                                                                                │
2024-04-23 22:11:25   │ Passing:      2                                                                                │
2024-04-23 22:11:25   │ Failing:      0                                                                                │
2024-04-23 22:11:25   │ Pending:      0                                                                                │
2024-04-23 22:11:25   │ Skipped:      0                                                                                │
2024-04-23 22:11:25   │ Screenshots:  0                                                                                │
2024-04-23 22:11:25   │ Video:        true                                                                             │
2024-04-23 22:11:25   │ Duration:     5 seconds                                                                        │
2024-04-23 22:11:25   │ Spec Ran:     2-advanced-examples/aliasing.cy.js                                               │
2024-04-23 22:11:25   └────────────────────────────────────────────────────────────────────────────────────────────────┘
2024-04-23 22:11:25 
2024-04-23 22:11:25 
2024-04-23 22:11:25   (Video)
2024-04-23 22:11:25 
2024-04-23 22:11:25   -  Video output: /tests/cypress/videos/2-advanced-examples/aliasing.cy.js.mp4
2024-04-23 22:11:25 
2024-04-23 22:11:25 
2024-04-23 22:11:25 ────────────────────────────────────────────────────────────────────────────────────────────────────
2024-04-23 22:11:25                                                                                                     
2024-04-23 22:11:25   Running:  2-advanced-examples/assertions.cy.js                                           (4 of 22)
2024-04-23 22:11:28 
2024-04-23 22:11:28 
2024-04-23 22:11:28   Assertions
2024-04-23 22:11:28     Implicit Assertions
2024-04-23 22:11:31       ✓ .should() - make an assertion about the current subject
2024-04-23 22:11:31       ✓ .and() - chain multiple assertions together
2024-04-23 22:11:31     Explicit Assertions
2024-04-23 22:11:32       ✓ expect - make an assertion about a specified subject
2024-04-23 22:11:32       ✓ pass your own callback function to should()
2024-04-23 22:11:32       ✓ finds element by class name regex
2024-04-23 22:11:32       ✓ can throw any error
2024-04-23 22:11:32       ✓ matches unknown text between two elements
2024-04-23 22:11:33       ✓ assert - assert shape of an object
2024-04-23 22:11:34       ✓ retries the should callback until assertions pass
2024-04-23 22:11:34 
2024-04-23 22:11:34 
2024-04-23 22:11:34   9 passing (6s)
2024-04-23 22:11:34 
2024-04-23 22:11:34 [mochawesome] Report JSON saved to /tests/cypress/reports/mochawesome_076.json
2024-04-23 22:11:34 
2024-04-23 22:11:34 [mochawesome] Report HTML saved to /tests/cypress/reports/mochawesome_076.html
2024-04-23 22:11:34 
2024-04-23 22:11:37 
2024-04-23 22:11:37   (Results)
2024-04-23 22:11:37 
2024-04-23 22:11:37   ┌────────────────────────────────────────────────────────────────────────────────────────────────┐
2024-04-23 22:11:37   │ Tests:        9                                                                                │
2024-04-23 22:11:37   │ Passing:      9                                                                                │
2024-04-23 22:11:37   │ Failing:      0                                                                                │
2024-04-23 22:11:37   │ Pending:      0                                                                                │
2024-04-23 22:11:37   │ Skipped:      0                                                                                │
2024-04-23 22:11:37   │ Screenshots:  0                                                                                │
2024-04-23 22:11:37   │ Video:        true                                                                             │
2024-04-23 22:11:37   │ Duration:     6 seconds                                                                        │
2024-04-23 22:11:37   │ Spec Ran:     2-advanced-examples/assertions.cy.js                                             │
2024-04-23 22:11:37   └────────────────────────────────────────────────────────────────────────────────────────────────┘
2024-04-23 22:11:37 
2024-04-23 22:11:37 
2024-04-23 22:11:37   (Video)
2024-04-23 22:11:37 
2024-04-23 22:11:37   -  Video output: /tests/cypress/videos/2-advanced-examples/assertions.cy.js.mp4
2024-04-23 22:11:37 
2024-04-23 22:11:37 
2024-04-23 22:11:37 ────────────────────────────────────────────────────────────────────────────────────────────────────
2024-04-23 22:11:37                                                                                                     
2024-04-23 22:11:37   Running:  2-advanced-examples/connectors.cy.js                                           (5 of 22)
2024-04-23 22:11:39 
2024-04-23 22:11:39 
2024-04-23 22:11:39   Connectors
2024-04-23 22:11:43     ✓ .each() - iterate over an array of elements
2024-04-23 22:11:44     ✓ .its() - get properties on the current subject
2024-04-23 22:11:44     ✓ .invoke() - invoke a function on the current subject
2024-04-23 22:11:44     ✓ .spread() - spread an array as individual args to callback function
2024-04-23 22:11:44     .then()
2024-04-23 22:11:44       ✓ invokes a callback function with the current subject
2024-04-23 22:11:44       ✓ yields the returned value to the next command
2024-04-23 22:11:45       ✓ yields the original subject without return
2024-04-23 22:11:45       ✓ yields the value yielded by the last Cypress command inside
2024-04-23 22:11:45 
2024-04-23 22:11:45 
2024-04-23 22:11:45   8 passing (5s)
2024-04-23 22:11:45 
2024-04-23 22:11:45 [mochawesome] Report JSON saved to /tests/cypress/reports/mochawesome_077.json
2024-04-23 22:11:45 
2024-04-23 22:11:45 [mochawesome] Report HTML saved to /tests/cypress/reports/mochawesome_077.html
2024-04-23 22:11:45 
2024-04-23 22:11:47 
2024-04-23 22:11:47   (Results)
2024-04-23 22:11:47 
2024-04-23 22:11:47   ┌────────────────────────────────────────────────────────────────────────────────────────────────┐
2024-04-23 22:11:47   │ Tests:        8                                                                                │
2024-04-23 22:11:47   │ Passing:      8                                                                                │
2024-04-23 22:11:47   │ Failing:      0                                                                                │
2024-04-23 22:11:47   │ Pending:      0                                                                                │
2024-04-23 22:11:47   │ Skipped:      0                                                                                │
2024-04-23 22:11:47   │ Screenshots:  0                                                                                │
2024-04-23 22:11:47   │ Video:        true                                                                             │
2024-04-23 22:11:47   │ Duration:     5 seconds                                                                        │
2024-04-23 22:11:47   │ Spec Ran:     2-advanced-examples/connectors.cy.js                                             │
2024-04-23 22:11:47   └────────────────────────────────────────────────────────────────────────────────────────────────┘
2024-04-23 22:11:47 
2024-04-23 22:11:47 
2024-04-23 22:11:47   (Video)
2024-04-23 22:11:47 
2024-04-23 22:11:47   -  Video output: /tests/cypress/videos/2-advanced-examples/connectors.cy.js.mp4
2024-04-23 22:11:47 
2024-04-23 22:11:47 
2024-04-23 22:11:47 ────────────────────────────────────────────────────────────────────────────────────────────────────
2024-04-23 22:11:47                                                                                                     
2024-04-23 22:11:47   Running:  2-advanced-examples/cookies.cy.js                                              (6 of 22)
2024-04-23 22:11:49 
2024-04-23 22:11:49 
2024-04-23 22:11:49   Cookies
2024-04-23 22:11:52     ✓ cy.getCookie() - get a browser cookie
2024-04-23 22:11:53     ✓ cy.getCookies() - get browser cookies for the current domain
2024-04-23 22:11:53     ✓ cy.getAllCookies() - get all browser cookies
2024-04-23 22:11:53     ✓ cy.setCookie() - set a browser cookie
2024-04-23 22:11:53     ✓ cy.clearCookie() - clear a browser cookie
2024-04-23 22:11:54     ✓ cy.clearCookies() - clear browser cookies for the current domain
2024-04-23 22:11:54     ✓ cy.clearAllCookies() - clear all browser cookies
2024-04-23 22:11:54 
2024-04-23 22:11:54 
2024-04-23 22:11:54   7 passing (4s)
2024-04-23 22:11:54 
2024-04-23 22:11:54 [mochawesome] Report JSON saved to /tests/cypress/reports/mochawesome_078.json
2024-04-23 22:11:54 
2024-04-23 22:11:54 [mochawesome] Report HTML saved to /tests/cypress/reports/mochawesome_078.html
2024-04-23 22:11:54 
2024-04-23 22:11:55 
2024-04-23 22:11:55   (Results)
2024-04-23 22:11:55 
2024-04-23 22:11:55   ┌────────────────────────────────────────────────────────────────────────────────────────────────┐
2024-04-23 22:11:55   │ Tests:        7                                                                                │
2024-04-23 22:11:55   │ Passing:      7                                                                                │
2024-04-23 22:11:55   │ Failing:      0                                                                                │
2024-04-23 22:11:55   │ Pending:      0                                                                                │
2024-04-23 22:11:55   │ Skipped:      0                                                                                │
2024-04-23 22:11:55   │ Screenshots:  0                                                                                │
2024-04-23 22:11:55   │ Video:        true                                                                             │
2024-04-23 22:11:55   │ Duration:     4 seconds                                                                        │
2024-04-23 22:11:55   │ Spec Ran:     2-advanced-examples/cookies.cy.js                                                │
2024-04-23 22:11:55   └────────────────────────────────────────────────────────────────────────────────────────────────┘
2024-04-23 22:11:55 
2024-04-23 22:11:55 
2024-04-23 22:11:55   (Video)
2024-04-23 22:11:55 
2024-04-23 22:11:55   -  Video output: /tests/cypress/videos/2-advanced-examples/cookies.cy.js.mp4
2024-04-23 22:11:55 
2024-04-23 22:11:55 
2024-04-23 22:11:55 ────────────────────────────────────────────────────────────────────────────────────────────────────
2024-04-23 22:11:55                                                                                                     
2024-04-23 22:11:55   Running:  2-advanced-examples/cypress_api.cy.js                                          (7 of 22)
2024-04-23 22:11:57 
2024-04-23 22:11:57 
2024-04-23 22:11:57   Cypress APIs
2024-04-23 22:11:57     Cypress.Commands
2024-04-23 22:12:00       ✓ .add() - create a custom command
2024-04-23 22:12:00     Cypress.Cookies
2024-04-23 22:12:00       ✓ .debug() - enable or disable debugging
2024-04-23 22:12:00     Cypress.arch
2024-04-23 22:12:01       ✓ Get CPU architecture name of underlying OS
2024-04-23 22:12:01     Cypress.config()
2024-04-23 22:12:01       ✓ Get and set configuration options
2024-04-23 22:12:01     Cypress.dom
2024-04-23 22:12:01       ✓ .isHidden() - determine if a DOM element is hidden
2024-04-23 22:12:01     Cypress.env()
2024-04-23 22:12:01       ✓ Get environment variables
2024-04-23 22:12:01     Cypress.log
2024-04-23 22:12:01       ✓ Control what is printed to the Command Log
2024-04-23 22:12:01     Cypress.platform
2024-04-23 22:12:02       ✓ Get underlying OS name
2024-04-23 22:12:02     Cypress.version
2024-04-23 22:12:02       ✓ Get current version of Cypress being run
2024-04-23 22:12:02     Cypress.spec
2024-04-23 22:12:02       ✓ Get current spec information
2024-04-23 22:12:02 
2024-04-23 22:12:02 
2024-04-23 22:12:02   10 passing (5s)
2024-04-23 22:12:02 
2024-04-23 22:12:02 [mochawesome] Report JSON saved to /tests/cypress/reports/mochawesome_079.json
2024-04-23 22:12:02 
2024-04-23 22:12:02 [mochawesome] Report HTML saved to /tests/cypress/reports/mochawesome_079.html
2024-04-23 22:12:02 
2024-04-23 22:12:03 
2024-04-23 22:12:03   (Results)
2024-04-23 22:12:03 
2024-04-23 22:12:03   ┌────────────────────────────────────────────────────────────────────────────────────────────────┐
2024-04-23 22:12:03   │ Tests:        10                                                                               │
2024-04-23 22:12:03   │ Passing:      10                                                                               │
2024-04-23 22:12:03   │ Failing:      0                                                                                │
2024-04-23 22:12:03   │ Pending:      0                                                                                │
2024-04-23 22:12:03   │ Skipped:      0                                                                                │
2024-04-23 22:12:03   │ Screenshots:  0                                                                                │
2024-04-23 22:12:03   │ Video:        true                                                                             │
2024-04-23 22:12:03   │ Duration:     4 seconds                                                                        │
2024-04-23 22:12:03   │ Spec Ran:     2-advanced-examples/cypress_api.cy.js                                            │
2024-04-23 22:12:03   └────────────────────────────────────────────────────────────────────────────────────────────────┘
2024-04-23 22:12:03 
2024-04-23 22:12:03 
2024-04-23 22:12:03   (Video)
2024-04-23 22:12:03 
2024-04-23 22:12:03   -  Video output: /tests/cypress/videos/2-advanced-examples/cypress_api.cy.js.mp4
2024-04-23 22:12:03 
2024-04-23 22:12:03 
2024-04-23 22:12:03 ────────────────────────────────────────────────────────────────────────────────────────────────────
2024-04-23 22:12:03                                                                                                     
2024-04-23 22:12:03   Running:  2-advanced-examples/files.cy.js                                                (8 of 22)
2024-04-23 22:12:07 
2024-04-23 22:12:07 
2024-04-23 22:12:07   Files
2024-04-23 22:12:09     ✓ cy.fixture() - load a fixture
2024-04-23 22:12:09     ✓ cy.fixture() or require - load a fixture
2024-04-23 22:12:10     ✓ cy.readFile() - read file contents
2024-04-23 22:12:10     ✓ cy.writeFile() - write to a file
2024-04-23 22:12:10 
2024-04-23 22:12:10 
2024-04-23 22:12:10   4 passing (3s)
2024-04-23 22:12:10 
2024-04-23 22:12:10 [mochawesome] Report JSON saved to /tests/cypress/reports/mochawesome_080.json
2024-04-23 22:12:10 
2024-04-23 22:12:10 [mochawesome] Report HTML saved to /tests/cypress/reports/mochawesome_080.html
2024-04-23 22:12:10 
2024-04-23 22:12:11 
2024-04-23 22:12:11   (Results)
2024-04-23 22:12:11 
2024-04-23 22:12:11   ┌────────────────────────────────────────────────────────────────────────────────────────────────┐
2024-04-23 22:12:11   │ Tests:        4                                                                                │
2024-04-23 22:12:11   │ Passing:      4                                                                                │
2024-04-23 22:12:11   │ Failing:      0                                                                                │
2024-04-23 22:12:11   │ Pending:      0                                                                                │
2024-04-23 22:12:11   │ Skipped:      0                                                                                │
2024-04-23 22:12:11   │ Screenshots:  0                                                                                │
2024-04-23 22:12:11   │ Video:        true                                                                             │
2024-04-23 22:12:11   │ Duration:     3 seconds                                                                        │
2024-04-23 22:12:11   │ Spec Ran:     2-advanced-examples/files.cy.js                                                  │
2024-04-23 22:12:11   └────────────────────────────────────────────────────────────────────────────────────────────────┘
2024-04-23 22:12:11 
2024-04-23 22:12:11 
2024-04-23 22:12:11   (Video)
2024-04-23 22:12:11 
2024-04-23 22:12:11   -  Video output: /tests/cypress/videos/2-advanced-examples/files.cy.js.mp4
2024-04-23 22:12:11 
2024-04-23 22:12:11 
2024-04-23 22:12:11 ────────────────────────────────────────────────────────────────────────────────────────────────────
2024-04-23 22:12:11                                                                                                     
2024-04-23 22:12:11   Running:  2-advanced-examples/location.cy.js                                             (9 of 22)
2024-04-23 22:12:14 
2024-04-23 22:12:14 
2024-04-23 22:12:14   Location
2024-04-23 22:12:18     ✓ cy.hash() - get the current URL hash
2024-04-23 22:12:18     ✓ cy.location() - get window.location
2024-04-23 22:12:18     ✓ cy.url() - get the current URL
2024-04-23 22:12:18 
2024-04-23 22:12:18 
2024-04-23 22:12:18   3 passing (4s)
2024-04-23 22:12:18 
2024-04-23 22:12:18 [mochawesome] Report JSON saved to /tests/cypress/reports/mochawesome_081.json
2024-04-23 22:12:18 
2024-04-23 22:12:18 [mochawesome] Report HTML saved to /tests/cypress/reports/mochawesome_081.html
2024-04-23 22:12:18 
2024-04-23 22:12:20 
2024-04-23 22:12:20   (Results)
2024-04-23 22:12:20 
2024-04-23 22:12:20   ┌────────────────────────────────────────────────────────────────────────────────────────────────┐
2024-04-23 22:12:20   │ Tests:        3                                                                                │
2024-04-23 22:12:20   │ Passing:      3                                                                                │
2024-04-23 22:12:20   │ Failing:      0                                                                                │
2024-04-23 22:12:20   │ Pending:      0                                                                                │
2024-04-23 22:12:20   │ Skipped:      0                                                                                │
2024-04-23 22:12:20   │ Screenshots:  0                                                                                │
2024-04-23 22:12:20   │ Video:        true                                                                             │
2024-04-23 22:12:20   │ Duration:     3 seconds                                                                        │
2024-04-23 22:12:20   │ Spec Ran:     2-advanced-examples/location.cy.js                                               │
2024-04-23 22:12:20   └────────────────────────────────────────────────────────────────────────────────────────────────┘
2024-04-23 22:12:20 
2024-04-23 22:12:20 
2024-04-23 22:12:20   (Video)
2024-04-23 22:12:20 
2024-04-23 22:12:20   -  Video output: /tests/cypress/videos/2-advanced-examples/location.cy.js.mp4
2024-04-23 22:12:20 
2024-04-23 22:12:20 
2024-04-23 22:12:20 ────────────────────────────────────────────────────────────────────────────────────────────────────
2024-04-23 22:12:20                                                                                                     
2024-04-23 22:12:20   Running:  2-advanced-examples/misc.cy.js                                                (10 of 22)
2024-04-23 22:12:24 
2024-04-23 22:12:24 
2024-04-23 22:12:24   Misc
2024-04-23 22:12:28     ✓ cy.exec() - execute a system command
2024-04-23 22:12:28     ✓ cy.focused() - get the DOM element that has focus
2024-04-23 22:12:28     ✓ cy.wrap() - wrap an object
2024-04-23 22:12:28     Cypress.Screenshot
2024-04-23 22:12:30       ✓ cy.screenshot() - take a screenshot
2024-04-23 22:12:30       ✓ Cypress.Screenshot.defaults() - change default config of screenshots
2024-04-23 22:12:30 
2024-04-23 22:12:30 
2024-04-23 22:12:30   5 passing (6s)
2024-04-23 22:12:30 
2024-04-23 22:12:30 [mochawesome] Report JSON saved to /tests/cypress/reports/mochawesome_082.json
2024-04-23 22:12:30 
2024-04-23 22:12:30 [mochawesome] Report HTML saved to /tests/cypress/reports/mochawesome_082.html
2024-04-23 22:12:30 
2024-04-23 22:12:31 
2024-04-23 22:12:31   (Results)
2024-04-23 22:12:31 
2024-04-23 22:12:31   ┌────────────────────────────────────────────────────────────────────────────────────────────────┐
2024-04-23 22:12:31   │ Tests:        5                                                                                │
2024-04-23 22:12:31   │ Passing:      5                                                                                │
2024-04-23 22:12:31   │ Failing:      0                                                                                │
2024-04-23 22:12:31   │ Pending:      0                                                                                │
2024-04-23 22:12:31   │ Skipped:      0                                                                                │
2024-04-23 22:12:31   │ Screenshots:  1                                                                                │
2024-04-23 22:12:31   │ Video:        true                                                                             │
2024-04-23 22:12:31   │ Duration:     6 seconds                                                                        │
2024-04-23 22:12:31   │ Spec Ran:     2-advanced-examples/misc.cy.js                                                   │
2024-04-23 22:12:31   └────────────────────────────────────────────────────────────────────────────────────────────────┘
2024-04-23 22:12:31 
2024-04-23 22:12:31 
2024-04-23 22:12:31   (Screenshots)
2024-04-23 22:12:31 
2024-04-23 22:12:31   -  /tests/cypress/screenshots/2-advanced-examples/misc.cy.js/my-image.png              (1000x1820)
2024-04-23 22:12:31 
2024-04-23 22:12:31 
2024-04-23 22:12:31   (Video)
2024-04-23 22:12:31 
2024-04-23 22:12:31   -  Video output: /tests/cypress/videos/2-advanced-examples/misc.cy.js.mp4
2024-04-23 22:12:31 
2024-04-23 22:12:31 
2024-04-23 22:12:31 ────────────────────────────────────────────────────────────────────────────────────────────────────
2024-04-23 22:12:31                                                                                                     
2024-04-23 22:12:31   Running:  2-advanced-examples/navigation.cy.js                                          (11 of 22)
2024-04-23 22:12:34 
2024-04-23 22:12:34 
2024-04-23 22:12:34   Navigation
2024-04-23 22:12:38     ✓ cy.go() - go back or forward in the browser's history
2024-04-23 22:12:39     ✓ cy.reload() - reload the page
2024-04-23 22:12:39     ✓ cy.visit() - visit a remote url
2024-04-23 22:12:39 
2024-04-23 22:12:39 
2024-04-23 22:12:39   3 passing (6s)
2024-04-23 22:12:39 
2024-04-23 22:12:39 [mochawesome] Report JSON saved to /tests/cypress/reports/mochawesome_083.json
2024-04-23 22:12:39 
2024-04-23 22:12:39 [mochawesome] Report HTML saved to /tests/cypress/reports/mochawesome_083.html
2024-04-23 22:12:39 
2024-04-23 22:12:41 
2024-04-23 22:12:41   (Results)
2024-04-23 22:12:41 
2024-04-23 22:12:41   ┌────────────────────────────────────────────────────────────────────────────────────────────────┐
2024-04-23 22:12:41   │ Tests:        3                                                                                │
2024-04-23 22:12:41   │ Passing:      3                                                                                │
2024-04-23 22:12:41   │ Failing:      0                                                                                │
2024-04-23 22:12:41   │ Pending:      0                                                                                │
2024-04-23 22:12:41   │ Skipped:      0                                                                                │
2024-04-23 22:12:41   │ Screenshots:  0                                                                                │
2024-04-23 22:12:41   │ Video:        true                                                                             │
2024-04-23 22:12:41   │ Duration:     5 seconds                                                                        │
2024-04-23 22:12:41   │ Spec Ran:     2-advanced-examples/navigation.cy.js                                             │
2024-04-23 22:12:41   └────────────────────────────────────────────────────────────────────────────────────────────────┘
2024-04-23 22:12:41 
2024-04-23 22:12:41 
2024-04-23 22:12:41   (Video)
2024-04-23 22:12:41 
2024-04-23 22:12:41   -  Video output: /tests/cypress/videos/2-advanced-examples/navigation.cy.js.mp4
2024-04-23 22:12:41 
2024-04-23 22:12:41 
2024-04-23 22:12:41 ────────────────────────────────────────────────────────────────────────────────────────────────────
2024-04-23 22:12:41                                                                                                     
2024-04-23 22:12:41   Running:  2-advanced-examples/network_requests.cy.js                                    (12 of 22)
2024-04-23 22:12:43 
2024-04-23 22:12:43 
2024-04-23 22:12:43   Network Requests
2024-04-23 22:12:45     ✓ cy.request() - make an XHR request
2024-04-23 22:12:46     ✓ cy.request() - verify response using BDD syntax
2024-04-23 22:12:46     ✓ cy.request() with query parameters
2024-04-23 22:12:47     ✓ cy.request() - pass result to the second request
2024-04-23 22:12:47     ✓ cy.request() - save response in the shared test context
2024-04-23 22:12:49     ✓ cy.intercept() - route responses to matching requests
2024-04-23 22:12:49 
2024-04-23 22:12:49 
2024-04-23 22:12:49   6 passing (6s)
2024-04-23 22:12:49 
2024-04-23 22:12:49 [mochawesome] Report JSON saved to /tests/cypress/reports/mochawesome_084.json
2024-04-23 22:12:49 
2024-04-23 22:12:49 [mochawesome] Report HTML saved to /tests/cypress/reports/mochawesome_084.html
2024-04-23 22:12:49 
2024-04-23 22:12:50 
2024-04-23 22:12:50   (Results)
2024-04-23 22:12:50 
2024-04-23 22:12:50   ┌────────────────────────────────────────────────────────────────────────────────────────────────┐
2024-04-23 22:12:50   │ Tests:        6                                                                                │
2024-04-23 22:12:50   │ Passing:      6                                                                                │
2024-04-23 22:12:50   │ Failing:      0                                                                                │
2024-04-23 22:12:50   │ Pending:      0                                                                                │
2024-04-23 22:12:50   │ Skipped:      0                                                                                │
2024-04-23 22:12:50   │ Screenshots:  0                                                                                │
2024-04-23 22:12:50   │ Video:        true                                                                             │
2024-04-23 22:12:50   │ Duration:     6 seconds                                                                        │
2024-04-23 22:12:50   │ Spec Ran:     2-advanced-examples/network_requests.cy.js                                       │
2024-04-23 22:12:50   └────────────────────────────────────────────────────────────────────────────────────────────────┘
2024-04-23 22:12:50 
2024-04-23 22:12:51 
2024-04-23 22:12:51   (Video)
2024-04-23 22:12:51 
2024-04-23 22:12:51   -  Video output: /tests/cypress/videos/2-advanced-examples/network_requests.cy.js.mp4
2024-04-23 22:12:51 
2024-04-23 22:12:51 
2024-04-23 22:12:51 ────────────────────────────────────────────────────────────────────────────────────────────────────
2024-04-23 22:12:51                                                                                                     
2024-04-23 22:12:51   Running:  2-advanced-examples/querying.cy.js                                            (13 of 22)
2024-04-23 22:12:53 
2024-04-23 22:12:53 
2024-04-23 22:12:53   Querying
2024-04-23 22:12:56     ✓ cy.get() - query DOM elements
2024-04-23 22:12:56     ✓ cy.contains() - query DOM elements with matching content
2024-04-23 22:12:56     ✓ .within() - query DOM elements within a specific element
2024-04-23 22:12:56     ✓ cy.root() - query the root DOM element
2024-04-23 22:12:57     ✓ best practices - selecting elements
2024-04-23 22:12:57 
2024-04-23 22:12:57 
2024-04-23 22:12:57   5 passing (4s)
2024-04-23 22:12:57 
2024-04-23 22:12:57 [mochawesome] Report JSON saved to /tests/cypress/reports/mochawesome_085.json
2024-04-23 22:12:57 
2024-04-23 22:12:57 [mochawesome] Report HTML saved to /tests/cypress/reports/mochawesome_085.html
2024-04-23 22:12:57 
2024-04-23 22:12:58 
2024-04-23 22:12:58   (Results)
2024-04-23 22:12:58 
2024-04-23 22:12:58   ┌────────────────────────────────────────────────────────────────────────────────────────────────┐
2024-04-23 22:12:58   │ Tests:        5                                                                                │
2024-04-23 22:12:58   │ Passing:      5                                                                                │
2024-04-23 22:12:58   │ Failing:      0                                                                                │
2024-04-23 22:12:58   │ Pending:      0                                                                                │
2024-04-23 22:12:58   │ Skipped:      0                                                                                │
2024-04-23 22:12:58   │ Screenshots:  0                                                                                │
2024-04-23 22:12:58   │ Video:        true                                                                             │
2024-04-23 22:12:58   │ Duration:     4 seconds                                                                        │
2024-04-23 22:12:58   │ Spec Ran:     2-advanced-examples/querying.cy.js                                               │
2024-04-23 22:12:58   └────────────────────────────────────────────────────────────────────────────────────────────────┘
2024-04-23 22:12:58 
2024-04-23 22:12:59 
2024-04-23 22:12:59   (Video)
2024-04-23 22:12:59 
2024-04-23 22:12:59   -  Video output: /tests/cypress/videos/2-advanced-examples/querying.cy.js.mp4
2024-04-23 22:12:59 
2024-04-23 22:12:59 
2024-04-23 22:12:59 ────────────────────────────────────────────────────────────────────────────────────────────────────
2024-04-23 22:12:59                                                                                                     
2024-04-23 22:12:59   Running:  2-advanced-examples/spies_stubs_clocks.cy.js                                  (14 of 22)
2024-04-23 22:13:01 
2024-04-23 22:13:01 
2024-04-23 22:13:01   Spies, Stubs, and Clock
2024-04-23 22:13:04     ✓ cy.spy() - wrap a method in a spy
2024-04-23 22:13:06     ✓ cy.spy() retries until assertions pass
2024-04-23 22:13:07     ✓ cy.stub() - create a stub and/or replace a function with stub
2024-04-23 22:13:07     ✓ cy.clock() - control time in the browser
2024-04-23 22:13:07     ✓ cy.tick() - move time in the browser
2024-04-23 22:13:07     ✓ cy.stub() matches depending on arguments
2024-04-23 22:13:07     ✓ matches call arguments using Sinon matchers
2024-04-23 22:13:07 
2024-04-23 22:13:07 
2024-04-23 22:13:07   7 passing (6s)
2024-04-23 22:13:07 
2024-04-23 22:13:07 [mochawesome] Report JSON saved to /tests/cypress/reports/mochawesome_086.json
2024-04-23 22:13:07 
2024-04-23 22:13:07 [mochawesome] Report HTML saved to /tests/cypress/reports/mochawesome_086.html
2024-04-23 22:13:07 
2024-04-23 22:13:10 
2024-04-23 22:13:10   (Results)
2024-04-23 22:13:10 
2024-04-23 22:13:10   ┌────────────────────────────────────────────────────────────────────────────────────────────────┐
2024-04-23 22:13:10   │ Tests:        7                                                                                │
2024-04-23 22:13:10   │ Passing:      7                                                                                │
2024-04-23 22:13:10   │ Failing:      0                                                                                │
2024-04-23 22:13:10   │ Pending:      0                                                                                │
2024-04-23 22:13:10   │ Skipped:      0                                                                                │
2024-04-23 22:13:10   │ Screenshots:  0                                                                                │
2024-04-23 22:13:10   │ Video:        true                                                                             │
2024-04-23 22:13:10   │ Duration:     6 seconds                                                                        │
2024-04-23 22:13:10   │ Spec Ran:     2-advanced-examples/spies_stubs_clocks.cy.js                                     │
2024-04-23 22:13:10   └────────────────────────────────────────────────────────────────────────────────────────────────┘
2024-04-23 22:13:10 
2024-04-23 22:13:10 
2024-04-23 22:13:10   (Video)
2024-04-23 22:13:10 
2024-04-23 22:13:10   -  Video output: /tests/cypress/videos/2-advanced-examples/spies_stubs_clocks.cy.js.mp4
2024-04-23 22:13:10 
2024-04-23 22:13:10 
2024-04-23 22:13:10 ────────────────────────────────────────────────────────────────────────────────────────────────────
2024-04-23 22:13:10                                                                                                     
2024-04-23 22:13:10   Running:  2-advanced-examples/storage.cy.js                                             (15 of 22)
2024-04-23 22:13:13 
2024-04-23 22:13:13 
2024-04-23 22:13:13   Local Storage / Session Storage
2024-04-23 22:13:16     ✓ cy.clearLocalStorage() - clear all data in localStorage for the current origin
2024-04-23 22:13:17     ✓ cy.getAllLocalStorage() - get all data in localStorage for all origins
2024-04-23 22:13:17     ✓ cy.clearAllLocalStorage() - clear all data in localStorage for all origins
2024-04-23 22:13:17     ✓ cy.getAllSessionStorage() - get all data in sessionStorage for all origins
2024-04-23 22:13:17     ✓ cy.clearAllSessionStorage() - clear all data in sessionStorage for all origins
2024-04-23 22:13:17 
2024-04-23 22:13:17 
2024-04-23 22:13:17   5 passing (5s)
2024-04-23 22:13:17 
2024-04-23 22:13:17 [mochawesome] Report JSON saved to /tests/cypress/reports/mochawesome_087.json
2024-04-23 22:13:17 
2024-04-23 22:13:17 [mochawesome] Report HTML saved to /tests/cypress/reports/mochawesome_087.html
2024-04-23 22:13:17 
2024-04-23 22:13:19 
2024-04-23 22:13:19   (Results)
2024-04-23 22:13:19 
2024-04-23 22:13:19   ┌────────────────────────────────────────────────────────────────────────────────────────────────┐
2024-04-23 22:13:19   │ Tests:        5                                                                                │
2024-04-23 22:13:19   │ Passing:      5                                                                                │
2024-04-23 22:13:19   │ Failing:      0                                                                                │
2024-04-23 22:13:19   │ Pending:      0                                                                                │
2024-04-23 22:13:19   │ Skipped:      0                                                                                │
2024-04-23 22:13:19   │ Screenshots:  0                                                                                │
2024-04-23 22:13:19   │ Video:        true                                                                             │
2024-04-23 22:13:19   │ Duration:     4 seconds                                                                        │
2024-04-23 22:13:19   │ Spec Ran:     2-advanced-examples/storage.cy.js                                                │
2024-04-23 22:13:19   └────────────────────────────────────────────────────────────────────────────────────────────────┘
2024-04-23 22:13:19 
2024-04-23 22:13:19 
2024-04-23 22:13:19   (Video)
2024-04-23 22:13:19 
2024-04-23 22:13:19   -  Video output: /tests/cypress/videos/2-advanced-examples/storage.cy.js.mp4
2024-04-23 22:13:19 
2024-04-23 22:13:19 
2024-04-23 22:13:19 ────────────────────────────────────────────────────────────────────────────────────────────────────
2024-04-23 22:13:19                                                                                                     
2024-04-23 22:13:19   Running:  2-advanced-examples/traversal.cy.js                                           (16 of 22)
2024-04-23 22:13:22 
2024-04-23 22:13:22 
2024-04-23 22:13:22   Traversal
2024-04-23 22:13:24     ✓ .children() - get child DOM elements
2024-04-23 22:13:24     ✓ .closest() - get closest ancestor DOM element
2024-04-23 22:13:25     ✓ .eq() - get a DOM element at a specific index
2024-04-23 22:13:25     ✓ .filter() - get DOM elements that match the selector
2024-04-23 22:13:25     ✓ .find() - get descendant DOM elements of the selector
2024-04-23 22:13:25     ✓ .first() - get first DOM element
2024-04-23 22:13:26     ✓ .last() - get last DOM element
2024-04-23 22:13:26     ✓ .next() - get next sibling DOM element
2024-04-23 22:13:26     ✓ .nextAll() - get all next sibling DOM elements
2024-04-23 22:13:26     ✓ .nextUntil() - get next sibling DOM elements until next el
2024-04-23 22:13:26     ✓ .not() - remove DOM elements from set of DOM elements
2024-04-23 22:13:27     ✓ .parent() - get parent DOM element from DOM elements
2024-04-23 22:13:27     ✓ .parents() - get parent DOM elements from DOM elements
2024-04-23 22:13:27     ✓ .parentsUntil() - get parent DOM elements from DOM elements until el
2024-04-23 22:13:28     ✓ .prev() - get previous sibling DOM element
2024-04-23 22:13:28     ✓ .prevAll() - get all previous sibling DOM elements
2024-04-23 22:13:29     ✓ .prevUntil() - get all previous sibling DOM elements until el
2024-04-23 22:13:29     ✓ .siblings() - get all sibling DOM elements
2024-04-23 22:13:29 
2024-04-23 22:13:29 
2024-04-23 22:13:29   18 passing (7s)
2024-04-23 22:13:29 
2024-04-23 22:13:29 [mochawesome] Report JSON saved to /tests/cypress/reports/mochawesome_088.json
2024-04-23 22:13:29 
2024-04-23 22:13:29 [mochawesome] Report HTML saved to /tests/cypress/reports/mochawesome_088.html
2024-04-23 22:13:29 
2024-04-23 22:13:32 
2024-04-23 22:13:32   (Results)
2024-04-23 22:13:32 
2024-04-23 22:13:32   ┌────────────────────────────────────────────────────────────────────────────────────────────────┐
2024-04-23 22:13:32   │ Tests:        18                                                                               │
2024-04-23 22:13:32   │ Passing:      18                                                                               │
2024-04-23 22:13:32   │ Failing:      0                                                                                │
2024-04-23 22:13:32   │ Pending:      0                                                                                │
2024-04-23 22:13:32   │ Skipped:      0                                                                                │
2024-04-23 22:13:32   │ Screenshots:  0                                                                                │
2024-04-23 22:13:32   │ Video:        true                                                                             │
2024-04-23 22:13:32   │ Duration:     7 seconds                                                                        │
2024-04-23 22:13:32   │ Spec Ran:     2-advanced-examples/traversal.cy.js                                              │
2024-04-23 22:13:32   └────────────────────────────────────────────────────────────────────────────────────────────────┘
2024-04-23 22:13:32 
2024-04-23 22:13:32 
2024-04-23 22:13:32   (Video)
2024-04-23 22:13:32 
2024-04-23 22:13:32   -  Video output: /tests/cypress/videos/2-advanced-examples/traversal.cy.js.mp4
2024-04-23 22:13:32 
2024-04-23 22:13:32 
2024-04-23 22:13:32 ────────────────────────────────────────────────────────────────────────────────────────────────────
2024-04-23 22:13:32                                                                                                     
2024-04-23 22:13:32   Running:  2-advanced-examples/utilities.cy.js                                           (17 of 22)
2024-04-23 22:13:35 
2024-04-23 22:13:35 
2024-04-23 22:13:35   Utilities
2024-04-23 22:13:38     ✓ Cypress._ - call a lodash method
2024-04-23 22:13:39     ✓ Cypress.$ - call a jQuery method
2024-04-23 22:13:40     ✓ Cypress.Blob - blob utilities and base64 string conversion
2024-04-23 22:13:40     ✓ Cypress.minimatch - test out glob patterns against strings
2024-04-23 22:13:41     ✓ Cypress.Promise - instantiate a bluebird promise
2024-04-23 22:13:41 
2024-04-23 22:13:41 
2024-04-23 22:13:41   5 passing (6s)
2024-04-23 22:13:41 
2024-04-23 22:13:41 [mochawesome] Report JSON saved to /tests/cypress/reports/mochawesome_089.json
2024-04-23 22:13:41 
2024-04-23 22:13:41 [mochawesome] Report HTML saved to /tests/cypress/reports/mochawesome_089.html
2024-04-23 22:13:41 
2024-04-23 22:13:44 
2024-04-23 22:13:44   (Results)
2024-04-23 22:13:44 
2024-04-23 22:13:44   ┌────────────────────────────────────────────────────────────────────────────────────────────────┐
2024-04-23 22:13:44   │ Tests:        5                                                                                │
2024-04-23 22:13:44   │ Passing:      5                                                                                │
2024-04-23 22:13:44   │ Failing:      0                                                                                │
2024-04-23 22:13:44   │ Pending:      0                                                                                │
2024-04-23 22:13:44   │ Skipped:      0                                                                                │
2024-04-23 22:13:44   │ Screenshots:  0                                                                                │
2024-04-23 22:13:44   │ Video:        true                                                                             │
2024-04-23 22:13:44   │ Duration:     6 seconds                                                                        │
2024-04-23 22:13:44   │ Spec Ran:     2-advanced-examples/utilities.cy.js                                              │
2024-04-23 22:13:44   └────────────────────────────────────────────────────────────────────────────────────────────────┘
2024-04-23 22:13:44 
2024-04-23 22:13:44 
2024-04-23 22:13:44   (Video)
2024-04-23 22:13:44 
2024-04-23 22:13:44   -  Video output: /tests/cypress/videos/2-advanced-examples/utilities.cy.js.mp4
2024-04-23 22:13:44 
2024-04-23 22:13:44 
2024-04-23 22:13:44 ────────────────────────────────────────────────────────────────────────────────────────────────────
2024-04-23 22:13:44                                                                                                     
2024-04-23 22:13:44   Running:  2-advanced-examples/viewport.cy.js                                            (18 of 22)
2024-04-23 22:13:46 
2024-04-23 22:13:46 
2024-04-23 22:13:46   Viewport
2024-04-23 22:13:52     ✓ cy.viewport() - set the viewport size and dimension
2024-04-23 22:13:52 
2024-04-23 22:13:52 
2024-04-23 22:13:52   1 passing (6s)
2024-04-23 22:13:52 
2024-04-23 22:13:52 [mochawesome] Report JSON saved to /tests/cypress/reports/mochawesome_090.json
2024-04-23 22:13:52 
2024-04-23 22:13:52 [mochawesome] Report HTML saved to /tests/cypress/reports/mochawesome_090.html
2024-04-23 22:13:52 
2024-04-23 22:13:54 
2024-04-23 22:13:54   (Results)
2024-04-23 22:13:54 
2024-04-23 22:13:54   ┌────────────────────────────────────────────────────────────────────────────────────────────────┐
2024-04-23 22:13:54   │ Tests:        1                                                                                │
2024-04-23 22:13:54   │ Passing:      1                                                                                │
2024-04-23 22:13:54   │ Failing:      0                                                                                │
2024-04-23 22:13:54   │ Pending:      0                                                                                │
2024-04-23 22:13:54   │ Skipped:      0                                                                                │
2024-04-23 22:13:54   │ Screenshots:  0                                                                                │
2024-04-23 22:13:54   │ Video:        true                                                                             │
2024-04-23 22:13:54   │ Duration:     6 seconds                                                                        │
2024-04-23 22:13:54   │ Spec Ran:     2-advanced-examples/viewport.cy.js                                               │
2024-04-23 22:13:54   └────────────────────────────────────────────────────────────────────────────────────────────────┘
2024-04-23 22:13:54 
2024-04-23 22:13:54 
2024-04-23 22:13:54   (Video)
2024-04-23 22:13:54 
2024-04-23 22:13:54   -  Video output: /tests/cypress/videos/2-advanced-examples/viewport.cy.js.mp4
2024-04-23 22:13:54 
2024-04-23 22:13:54 
2024-04-23 22:13:54 ────────────────────────────────────────────────────────────────────────────────────────────────────
2024-04-23 22:13:54                                                                                                     
2024-04-23 22:13:54   Running:  2-advanced-examples/waiting.cy.js                                             (19 of 22)
2024-04-23 22:13:57 
2024-04-23 22:13:57 
2024-04-23 22:13:57   Waiting
2024-04-23 22:14:05     ✓ cy.wait() - wait for a specific amount of time (5629ms)
2024-04-23 22:14:05     ✓ cy.wait() - wait for a specific route
2024-04-23 22:14:05 
2024-04-23 22:14:05 
2024-04-23 22:14:05   2 passing (8s)
2024-04-23 22:14:05 
2024-04-23 22:14:05 [mochawesome] Report JSON saved to /tests/cypress/reports/mochawesome_091.json
2024-04-23 22:14:05 
2024-04-23 22:14:05 [mochawesome] Report HTML saved to /tests/cypress/reports/mochawesome_091.html
2024-04-23 22:14:05 
2024-04-23 22:14:08 
2024-04-23 22:14:08   (Results)
2024-04-23 22:14:08 
2024-04-23 22:14:08   ┌────────────────────────────────────────────────────────────────────────────────────────────────┐
2024-04-23 22:14:08   │ Tests:        2                                                                                │
2024-04-23 22:14:08   │ Passing:      2                                                                                │
2024-04-23 22:14:08   │ Failing:      0                                                                                │
2024-04-23 22:14:08   │ Pending:      0                                                                                │
2024-04-23 22:14:08   │ Skipped:      0                                                                                │
2024-04-23 22:14:08   │ Screenshots:  0                                                                                │
2024-04-23 22:14:08   │ Video:        true                                                                             │
2024-04-23 22:14:08   │ Duration:     8 seconds                                                                        │
2024-04-23 22:14:08   │ Spec Ran:     2-advanced-examples/waiting.cy.js                                                │
2024-04-23 22:14:08   └────────────────────────────────────────────────────────────────────────────────────────────────┘
2024-04-23 22:14:08 
2024-04-23 22:14:08 
2024-04-23 22:14:08   (Video)
2024-04-23 22:14:08 
2024-04-23 22:14:08   -  Video output: /tests/cypress/videos/2-advanced-examples/waiting.cy.js.mp4
2024-04-23 22:14:08 
2024-04-23 22:14:08 
2024-04-23 22:14:08 ────────────────────────────────────────────────────────────────────────────────────────────────────
2024-04-23 22:14:08                                                                                                     
2024-04-23 22:14:08   Running:  2-advanced-examples/window.cy.js                                              (20 of 22)
2024-04-23 22:14:11 
2024-04-23 22:14:11 
2024-04-23 22:14:11   Window
2024-04-23 22:14:14     ✓ cy.window() - get the global window object
2024-04-23 22:14:14     ✓ cy.document() - get the document object
2024-04-23 22:14:15     ✓ cy.title() - get the title
2024-04-23 22:14:15 
2024-04-23 22:14:15 
2024-04-23 22:14:15   3 passing (3s)
2024-04-23 22:14:15 
2024-04-23 22:14:15 [mochawesome] Report JSON saved to /tests/cypress/reports/mochawesome_092.json
2024-04-23 22:14:15 
2024-04-23 22:14:15 [mochawesome] Report HTML saved to /tests/cypress/reports/mochawesome_092.html
2024-04-23 22:14:15 
2024-04-23 22:14:16 
2024-04-23 22:14:16   (Results)
2024-04-23 22:14:16 
2024-04-23 22:14:16   ┌────────────────────────────────────────────────────────────────────────────────────────────────┐
2024-04-23 22:14:16   │ Tests:        3                                                                                │
2024-04-23 22:14:16   │ Passing:      3                                                                                │
2024-04-23 22:14:16   │ Failing:      0                                                                                │
2024-04-23 22:14:16   │ Pending:      0                                                                                │
2024-04-23 22:14:16   │ Skipped:      0                                                                                │
2024-04-23 22:14:16   │ Screenshots:  0                                                                                │
2024-04-23 22:14:16   │ Video:        true                                                                             │
2024-04-23 22:14:16   │ Duration:     3 seconds                                                                        │
2024-04-23 22:14:16   │ Spec Ran:     2-advanced-examples/window.cy.js                                                 │
2024-04-23 22:14:16   └────────────────────────────────────────────────────────────────────────────────────────────────┘
2024-04-23 22:14:16 
2024-04-23 22:14:16 
2024-04-23 22:14:16   (Video)
2024-04-23 22:14:16 
2024-04-23 22:14:16   -  Video output: /tests/cypress/videos/2-advanced-examples/window.cy.js.mp4
2024-04-23 22:14:16 
2024-04-23 22:14:16 
2024-04-23 22:14:16 ────────────────────────────────────────────────────────────────────────────────────────────────────
2024-04-23 22:14:16                                                                                                     
2024-04-23 22:14:16   Running:  1-getting-started/todo.cy.js                                                  (21 of 22)
2024-04-23 22:14:18 
2024-04-23 22:14:18 
2024-04-23 22:14:18   example to-do app
2024-04-23 22:14:21     ✓ displays two todo items by default
2024-04-23 22:14:21     ✓ can add new todo items
2024-04-23 22:14:22     ✓ can check off an item as completed
2024-04-23 22:14:22     with a checked task
2024-04-23 22:14:22       ✓ can filter for uncompleted tasks
2024-04-23 22:14:22       ✓ can filter for completed tasks
2024-04-23 22:14:23       ✓ can delete all completed tasks
2024-04-23 22:14:23 
2024-04-23 22:14:23 
2024-04-23 22:14:23   6 passing (5s)
2024-04-23 22:14:23 
2024-04-23 22:14:23 [mochawesome] Report JSON saved to /tests/cypress/reports/mochawesome_093.json
2024-04-23 22:14:23 
2024-04-23 22:14:23 [mochawesome] Report HTML saved to /tests/cypress/reports/mochawesome_093.html
2024-04-23 22:14:23 
2024-04-23 22:14:24 
2024-04-23 22:14:24   (Results)
2024-04-23 22:14:24 
2024-04-23 22:14:24   ┌────────────────────────────────────────────────────────────────────────────────────────────────┐
2024-04-23 22:14:24   │ Tests:        6                                                                                │
2024-04-23 22:14:24   │ Passing:      6                                                                                │
2024-04-23 22:14:24   │ Failing:      0                                                                                │
2024-04-23 22:14:24   │ Pending:      0                                                                                │
2024-04-23 22:14:24   │ Skipped:      0                                                                                │
2024-04-23 22:14:24   │ Screenshots:  0                                                                                │
2024-04-23 22:14:24   │ Video:        true                                                                             │
2024-04-23 22:14:24   │ Duration:     4 seconds                                                                        │
2024-04-23 22:14:24   │ Spec Ran:     1-getting-started/todo.cy.js                                                     │
2024-04-23 22:14:24   └────────────────────────────────────────────────────────────────────────────────────────────────┘
2024-04-23 22:14:24 
2024-04-23 22:14:24 
2024-04-23 22:14:24   (Video)
2024-04-23 22:14:24 
2024-04-23 22:14:24   -  Video output: /tests/cypress/videos/1-getting-started/todo.cy.js.mp4
2024-04-23 22:14:24 
2024-04-23 22:14:24 
2024-04-23 22:14:24 ────────────────────────────────────────────────────────────────────────────────────────────────────
2024-04-23 22:14:24                                                                                                     
2024-04-23 22:14:24   Running:  ghost/registration.cy.js                                                      (22 of 22)
2024-04-23 22:14:26 
2024-04-23 22:14:26 
2024-04-23 22:14:26   Testing basic Angular registration
2024-04-23 22:14:39     ✓ Test links between registration and login page (10454ms)
2024-04-23 22:14:56     ✓ Test form feedback (16658ms)
2024-04-23 22:15:13     ✓ Create an user and login (16992ms)
2024-04-23 22:15:13 
2024-04-23 22:15:13 
2024-04-23 22:15:13   3 passing (47s)
2024-04-23 22:15:13 
2024-04-23 22:15:13 [mochawesome] Report JSON saved to /tests/cypress/reports/mochawesome_094.json
2024-04-23 22:15:13 
2024-04-23 22:15:13 [mochawesome] Report HTML saved to /tests/cypress/reports/mochawesome_094.html
2024-04-23 22:15:13 
2024-04-23 22:15:14 
2024-04-23 22:15:14   (Results)
2024-04-23 22:15:14 
2024-04-23 22:15:14   ┌────────────────────────────────────────────────────────────────────────────────────────────────┐
2024-04-23 22:15:14   │ Tests:        3                                                                                │
2024-04-23 22:15:14   │ Passing:      3                                                                                │
2024-04-23 22:15:14   │ Failing:      0                                                                                │
2024-04-23 22:15:14   │ Pending:      0                                                                                │
2024-04-23 22:15:14   │ Skipped:      0                                                                                │
2024-04-23 22:15:14   │ Screenshots:  5                                                                                │
2024-04-23 22:15:14   │ Video:        true                                                                             │
2024-04-23 22:15:14   │ Duration:     47 seconds                                                                       │
2024-04-23 22:15:14   │ Spec Ran:     ghost/registration.cy.js                                                         │
2024-04-23 22:15:14   └────────────────────────────────────────────────────────────────────────────────────────────────┘
2024-04-23 22:15:14 
2024-04-23 22:15:14 
2024-04-23 22:15:14   (Screenshots)
2024-04-23 22:15:14 
2024-04-23 22:15:14   -  /tests/cypress/screenshots/ghost/registration.cy.js/pagina1.png                      (1000x633)
2024-04-23 22:15:14   -  /tests/cypress/screenshots/ghost/registration.cy.js/pagina2.png                      (1000x633)
2024-04-23 22:15:14   -  /tests/cypress/screenshots/ghost/registration.cy.js/form-feedback.png                (1000x777)
2024-04-23 22:15:14   -  /tests/cypress/screenshots/ghost/registration.cy.js/success-feedback.png             (1000x633)
2024-04-23 22:15:14   -  /tests/cypress/screenshots/ghost/registration.cy.js/after-login.png                  (1000x633)
2024-04-23 22:15:14 
2024-04-23 22:15:14 
2024-04-23 22:15:14   (Video)
2024-04-23 22:15:14 
2024-04-23 22:15:14   -  Video output: /tests/cypress/videos/ghost/registration.cy.js.mp4
2024-04-23 22:15:14 
2024-04-23 22:15:14 
2024-04-23 22:15:14 ====================================================================================================
2024-04-23 22:15:14 
2024-04-23 22:15:14   (Run Finished)
2024-04-23 22:15:14 
2024-04-23 22:15:14 
2024-04-23 22:15:14        Spec                                              Tests  Passing  Failing  Pending  Skipped  
2024-04-23 22:15:14   ┌────────────────────────────────────────────────────────────────────────────────────────────────┐
2024-04-23 22:15:14   │ ✔  0-uniandes-example/registration.cy.      00:46        3        3        -        -        - │
2024-04-23 22:15:14   │    js                                                                                          │
2024-04-23 22:15:14   ├────────────────────────────────────────────────────────────────────────────────────────────────┤
2024-04-23 22:15:14   │ ✔  2-advanced-examples/actions.cy.js        00:48       14       14        -        -        - │
2024-04-23 22:15:14   ├────────────────────────────────────────────────────────────────────────────────────────────────┤
2024-04-23 22:15:14   │ ✔  2-advanced-examples/aliasing.cy.js       00:05        2        2        -        -        - │
2024-04-23 22:15:14   ├────────────────────────────────────────────────────────────────────────────────────────────────┤
2024-04-23 22:15:14   │ ✔  2-advanced-examples/assertions.cy.j      00:06        9        9        -        -        - │
2024-04-23 22:15:14   │    s                                                                                           │
2024-04-23 22:15:14   ├────────────────────────────────────────────────────────────────────────────────────────────────┤
2024-04-23 22:15:14   │ ✔  2-advanced-examples/connectors.cy.j      00:05        8        8        -        -        - │
2024-04-23 22:15:14   │    s                                                                                           │
2024-04-23 22:15:14   ├────────────────────────────────────────────────────────────────────────────────────────────────┤
2024-04-23 22:15:14   │ ✔  2-advanced-examples/cookies.cy.js        00:04        7        7        -        -        - │
2024-04-23 22:15:14   ├────────────────────────────────────────────────────────────────────────────────────────────────┤
2024-04-23 22:15:14   │ ✔  2-advanced-examples/cypress_api.cy.      00:04       10       10        -        -        - │
2024-04-23 22:15:14   │    js                                                                                          │
2024-04-23 22:15:14   ├────────────────────────────────────────────────────────────────────────────────────────────────┤
2024-04-23 22:15:14   │ ✔  2-advanced-examples/files.cy.js          00:03        4        4        -        -        - │
2024-04-23 22:15:14   ├────────────────────────────────────────────────────────────────────────────────────────────────┤
2024-04-23 22:15:14   │ ✔  2-advanced-examples/location.cy.js       00:03        3        3        -        -        - │
2024-04-23 22:15:14   ├────────────────────────────────────────────────────────────────────────────────────────────────┤
2024-04-23 22:15:14   │ ✔  2-advanced-examples/misc.cy.js           00:06        5        5        -        -        - │
2024-04-23 22:15:14   ├────────────────────────────────────────────────────────────────────────────────────────────────┤
2024-04-23 22:15:14   │ ✔  2-advanced-examples/navigation.cy.j      00:05        3        3        -        -        - │
2024-04-23 22:15:14   │    s                                                                                           │
2024-04-23 22:15:14   ├────────────────────────────────────────────────────────────────────────────────────────────────┤
2024-04-23 22:15:14   │ ✔  2-advanced-examples/network_request      00:06        6        6        -        -        - │
2024-04-23 22:15:14   │    s.cy.js                                                                                     │
2024-04-23 22:15:14   ├────────────────────────────────────────────────────────────────────────────────────────────────┤
2024-04-23 22:15:14   │ ✔  2-advanced-examples/querying.cy.js       00:04        5        5        -        -        - │
2024-04-23 22:15:14   ├────────────────────────────────────────────────────────────────────────────────────────────────┤
2024-04-23 22:15:14   │ ✔  2-advanced-examples/spies_stubs_clo      00:06        7        7        -        -        - │
2024-04-23 22:15:14   │    cks.cy.js                                                                                   │
2024-04-23 22:15:14   ├────────────────────────────────────────────────────────────────────────────────────────────────┤
2024-04-23 22:15:14   │ ✔  2-advanced-examples/storage.cy.js        00:04        5        5        -        -        - │
2024-04-23 22:15:14   ├────────────────────────────────────────────────────────────────────────────────────────────────┤
2024-04-23 22:15:14   │ ✔  2-advanced-examples/traversal.cy.js      00:07       18       18        -        -        - │
2024-04-23 22:15:14   ├────────────────────────────────────────────────────────────────────────────────────────────────┤
2024-04-23 22:15:14   │ ✔  2-advanced-examples/utilities.cy.js      00:06        5        5        -        -        - │
2024-04-23 22:15:14   ├────────────────────────────────────────────────────────────────────────────────────────────────┤
2024-04-23 22:15:14   │ ✔  2-advanced-examples/viewport.cy.js       00:06        1        1        -        -        - │
2024-04-23 22:15:14   ├────────────────────────────────────────────────────────────────────────────────────────────────┤
2024-04-23 22:15:14   │ ✔  2-advanced-examples/waiting.cy.js        00:08        2        2        -        -        - │
2024-04-23 22:15:14   ├────────────────────────────────────────────────────────────────────────────────────────────────┤
2024-04-23 22:15:14   │ ✔  2-advanced-examples/window.cy.js         00:03        3        3        -        -        - │
2024-04-23 22:15:14   ├────────────────────────────────────────────────────────────────────────────────────────────────┤
2024-04-23 22:15:14   │ ✔  1-getting-started/todo.cy.js             00:04        6        6        -        -        - │
2024-04-23 22:15:14   ├────────────────────────────────────────────────────────────────────────────────────────────────┤
2024-04-23 22:15:14   │ ✔  ghost/registration.cy.js                 00:47        3        3        -        -        - │
2024-04-23 22:15:14   └────────────────────────────────────────────────────────────────────────────────────────────────┘
2024-04-23 22:15:14     ✔  All specs passed!                        04:04      129      129        -        -        -  
2024-04-23 22:15:14 
